2025-09-05 00:02:39,858 - 00000000-0000-0000-0000-000000000000 - sqlalchemy.engine.Engine - INFO - [base.py:1840 - _execute_context() ] - select pg_catalog.version()
2025-09-05 00:02:39,858 - 00000000-0000-0000-0000-000000000000 - sqlalchemy.engine.Engine - INFO - [base.py:1840 - _execute_context() ] - [raw sql] {}
2025-09-05 00:02:39,860 - 00000000-0000-0000-0000-000000000000 - sqlalchemy.engine.Engine - DEBUG - [cursor.py:1447 - __init__() ] - Col ('version',)
2025-09-05 00:02:39,861 - 00000000-0000-0000-0000-000000000000 - sqlalchemy.engine.Engine - DEBUG - [cursor.py:1479 - _make_row_2() ] - Row ('PostgreSQL 17.5 on x86_64-windows, compiled by msvc-19.44.35209, 64-bit',)
2025-09-05 00:02:39,861 - 00000000-0000-0000-0000-000000000000 - sqlalchemy.engine.Engine - INFO - [base.py:1840 - _execute_context() ] - select current_schema()
2025-09-05 00:02:39,861 - 00000000-0000-0000-0000-000000000000 - sqlalchemy.engine.Engine - INFO - [base.py:1840 - _execute_context() ] - [raw sql] {}
2025-09-05 00:02:39,861 - 00000000-0000-0000-0000-000000000000 - sqlalchemy.engine.Engine - DEBUG - [cursor.py:1447 - __init__() ] - Col ('current_schema',)
2025-09-05 00:02:39,862 - 00000000-0000-0000-0000-000000000000 - sqlalchemy.engine.Engine - DEBUG - [cursor.py:1479 - _make_row_2() ] - Row ('public',)
2025-09-05 00:02:39,862 - 00000000-0000-0000-0000-000000000000 - sqlalchemy.engine.Engine - INFO - [base.py:1840 - _execute_context() ] - show standard_conforming_strings
2025-09-05 00:02:39,862 - 00000000-0000-0000-0000-000000000000 - sqlalchemy.engine.Engine - INFO - [base.py:1840 - _execute_context() ] - [raw sql] {}
2025-09-05 00:02:39,862 - 00000000-0000-0000-0000-000000000000 - sqlalchemy.engine.Engine - DEBUG - [cursor.py:1447 - __init__() ] - Col ('standard_conforming_strings',)
2025-09-05 00:02:39,862 - 00000000-0000-0000-0000-000000000000 - sqlalchemy.engine.Engine - DEBUG - [cursor.py:1479 - _make_row_2() ] - Row ('on',)
2025-09-05 00:02:39,863 - 00000000-0000-0000-0000-000000000000 - sqlalchemy.engine.Engine - INFO - [base.py:2696 - _connection_begin_impl() ] - BEGIN (implicit)
2025-09-05 00:02:39,873 - 00000000-0000-0000-0000-000000000000 - sqlalchemy.engine.Engine - INFO - [base.py:1840 - _execute_context() ] - SELECT pg_catalog.pg_class.relname  FROM pg_catalog.pg_class JOIN pg_catalog.pg_namespace ON pg_catalog.pg_namespace.oid = pg_catalog.pg_class.relnamespace  WHERE pg_catalog.pg_class.relname = %(table_name)s AND pg_catalog.pg_class.relkind = ANY (ARRAY[%(param_1)s, %(param_2)s, %(param_3)s, %(param_4)s, %(param_5)s]) AND pg_catalog.pg_table_is_visible(pg_catalog.pg_class.oid) AND pg_catalog.pg_namespace.nspname != %(nspname_1)s
2025-09-05 00:02:39,874 - 00000000-0000-0000-0000-000000000000 - sqlalchemy.engine.Engine - INFO - [base.py:1840 - _execute_context() ] - [generated in 0.00063s] {'table_name': 'roles', 'param_1': 'r', 'param_2': 'p', 'param_3': 'f', 'param_4': 'v', 'param_5': 'm', 'nspname_1': 'pg_catalog'}
2025-09-05 00:02:39,877 - 00000000-0000-0000-0000-000000000000 - sqlalchemy.engine.Engine - DEBUG - [cursor.py:1447 - __init__() ] - Col ('relname',)
2025-09-05 00:02:39,877 - 00000000-0000-0000-0000-000000000000 - sqlalchemy.engine.Engine - DEBUG - [cursor.py:1479 - _make_row_2() ] - Row ('roles',)
2025-09-05 00:02:39,878 - 00000000-0000-0000-0000-000000000000 - sqlalchemy.engine.Engine - INFO - [base.py:1840 - _execute_context() ] - SELECT pg_catalog.pg_class.relname  FROM pg_catalog.pg_class JOIN pg_catalog.pg_namespace ON pg_catalog.pg_namespace.oid = pg_catalog.pg_class.relnamespace  WHERE pg_catalog.pg_class.relname = %(table_name)s AND pg_catalog.pg_class.relkind = ANY (ARRAY[%(param_1)s, %(param_2)s, %(param_3)s, %(param_4)s, %(param_5)s]) AND pg_catalog.pg_table_is_visible(pg_catalog.pg_class.oid) AND pg_catalog.pg_namespace.nspname != %(nspname_1)s
2025-09-05 00:02:39,878 - 00000000-0000-0000-0000-000000000000 - sqlalchemy.engine.Engine - INFO - [base.py:1840 - _execute_context() ] - [cached since 0.004741s ago] {'table_name': 'users', 'param_1': 'r', 'param_2': 'p', 'param_3': 'f', 'param_4': 'v', 'param_5': 'm', 'nspname_1': 'pg_catalog'}
2025-09-05 00:02:39,879 - 00000000-0000-0000-0000-000000000000 - sqlalchemy.engine.Engine - DEBUG - [cursor.py:1447 - __init__() ] - Col ('relname',)
2025-09-05 00:02:39,879 - 00000000-0000-0000-0000-000000000000 - sqlalchemy.engine.Engine - DEBUG - [cursor.py:1479 - _make_row_2() ] - Row ('users',)
2025-09-05 00:02:39,879 - 00000000-0000-0000-0000-000000000000 - sqlalchemy.engine.Engine - INFO - [base.py:1840 - _execute_context() ] - SELECT pg_catalog.pg_class.relname  FROM pg_catalog.pg_class JOIN pg_catalog.pg_namespace ON pg_catalog.pg_namespace.oid = pg_catalog.pg_class.relnamespace  WHERE pg_catalog.pg_class.relname = %(table_name)s AND pg_catalog.pg_class.relkind = ANY (ARRAY[%(param_1)s, %(param_2)s, %(param_3)s, %(param_4)s, %(param_5)s]) AND pg_catalog.pg_table_is_visible(pg_catalog.pg_class.oid) AND pg_catalog.pg_namespace.nspname != %(nspname_1)s
2025-09-05 00:02:39,879 - 00000000-0000-0000-0000-000000000000 - sqlalchemy.engine.Engine - INFO - [base.py:1840 - _execute_context() ] - [cached since 0.006123s ago] {'table_name': 'sizes', 'param_1': 'r', 'param_2': 'p', 'param_3': 'f', 'param_4': 'v', 'param_5': 'm', 'nspname_1': 'pg_catalog'}
2025-09-05 00:02:39,880 - 00000000-0000-0000-0000-000000000000 - sqlalchemy.engine.Engine - DEBUG - [cursor.py:1447 - __init__() ] - Col ('relname',)
2025-09-05 00:02:39,880 - 00000000-0000-0000-0000-000000000000 - sqlalchemy.engine.Engine - DEBUG - [cursor.py:1479 - _make_row_2() ] - Row ('sizes',)
2025-09-05 00:02:39,880 - 00000000-0000-0000-0000-000000000000 - sqlalchemy.engine.Engine - INFO - [base.py:1840 - _execute_context() ] - SELECT pg_catalog.pg_class.relname  FROM pg_catalog.pg_class JOIN pg_catalog.pg_namespace ON pg_catalog.pg_namespace.oid = pg_catalog.pg_class.relnamespace  WHERE pg_catalog.pg_class.relname = %(table_name)s AND pg_catalog.pg_class.relkind = ANY (ARRAY[%(param_1)s, %(param_2)s, %(param_3)s, %(param_4)s, %(param_5)s]) AND pg_catalog.pg_table_is_visible(pg_catalog.pg_class.oid) AND pg_catalog.pg_namespace.nspname != %(nspname_1)s
2025-09-05 00:02:39,880 - 00000000-0000-0000-0000-000000000000 - sqlalchemy.engine.Engine - INFO - [base.py:1840 - _execute_context() ] - [cached since 0.007249s ago] {'table_name': 'carts', 'param_1': 'r', 'param_2': 'p', 'param_3': 'f', 'param_4': 'v', 'param_5': 'm', 'nspname_1': 'pg_catalog'}
2025-09-05 00:02:39,881 - 00000000-0000-0000-0000-000000000000 - sqlalchemy.engine.Engine - DEBUG - [cursor.py:1447 - __init__() ] - Col ('relname',)
2025-09-05 00:02:39,881 - 00000000-0000-0000-0000-000000000000 - sqlalchemy.engine.Engine - DEBUG - [cursor.py:1479 - _make_row_2() ] - Row ('carts',)
2025-09-05 00:02:39,881 - 00000000-0000-0000-0000-000000000000 - sqlalchemy.engine.Engine - INFO - [base.py:1840 - _execute_context() ] - SELECT pg_catalog.pg_class.relname  FROM pg_catalog.pg_class JOIN pg_catalog.pg_namespace ON pg_catalog.pg_namespace.oid = pg_catalog.pg_class.relnamespace  WHERE pg_catalog.pg_class.relname = %(table_name)s AND pg_catalog.pg_class.relkind = ANY (ARRAY[%(param_1)s, %(param_2)s, %(param_3)s, %(param_4)s, %(param_5)s]) AND pg_catalog.pg_table_is_visible(pg_catalog.pg_class.oid) AND pg_catalog.pg_namespace.nspname != %(nspname_1)s
2025-09-05 00:02:39,881 - 00000000-0000-0000-0000-000000000000 - sqlalchemy.engine.Engine - INFO - [base.py:1840 - _execute_context() ] - [cached since 0.008303s ago] {'table_name': 'colors', 'param_1': 'r', 'param_2': 'p', 'param_3': 'f', 'param_4': 'v', 'param_5': 'm', 'nspname_1': 'pg_catalog'}
2025-09-05 00:02:39,882 - 00000000-0000-0000-0000-000000000000 - sqlalchemy.engine.Engine - DEBUG - [cursor.py:1447 - __init__() ] - Col ('relname',)
2025-09-05 00:02:39,882 - 00000000-0000-0000-0000-000000000000 - sqlalchemy.engine.Engine - DEBUG - [cursor.py:1479 - _make_row_2() ] - Row ('colors',)
2025-09-05 00:02:39,882 - 00000000-0000-0000-0000-000000000000 - sqlalchemy.engine.Engine - INFO - [base.py:1840 - _execute_context() ] - SELECT pg_catalog.pg_class.relname  FROM pg_catalog.pg_class JOIN pg_catalog.pg_namespace ON pg_catalog.pg_namespace.oid = pg_catalog.pg_class.relnamespace  WHERE pg_catalog.pg_class.relname = %(table_name)s AND pg_catalog.pg_class.relkind = ANY (ARRAY[%(param_1)s, %(param_2)s, %(param_3)s, %(param_4)s, %(param_5)s]) AND pg_catalog.pg_table_is_visible(pg_catalog.pg_class.oid) AND pg_catalog.pg_namespace.nspname != %(nspname_1)s
2025-09-05 00:02:39,882 - 00000000-0000-0000-0000-000000000000 - sqlalchemy.engine.Engine - INFO - [base.py:1840 - _execute_context() ] - [cached since 0.009362s ago] {'table_name': 'comments', 'param_1': 'r', 'param_2': 'p', 'param_3': 'f', 'param_4': 'v', 'param_5': 'm', 'nspname_1': 'pg_catalog'}
2025-09-05 00:02:39,883 - 00000000-0000-0000-0000-000000000000 - sqlalchemy.engine.Engine - DEBUG - [cursor.py:1447 - __init__() ] - Col ('relname',)
2025-09-05 00:02:39,883 - 00000000-0000-0000-0000-000000000000 - sqlalchemy.engine.Engine - DEBUG - [cursor.py:1479 - _make_row_2() ] - Row ('comments',)
2025-09-05 00:02:39,883 - 00000000-0000-0000-0000-000000000000 - sqlalchemy.engine.Engine - INFO - [base.py:1840 - _execute_context() ] - SELECT pg_catalog.pg_class.relname  FROM pg_catalog.pg_class JOIN pg_catalog.pg_namespace ON pg_catalog.pg_namespace.oid = pg_catalog.pg_class.relnamespace  WHERE pg_catalog.pg_class.relname = %(table_name)s AND pg_catalog.pg_class.relkind = ANY (ARRAY[%(param_1)s, %(param_2)s, %(param_3)s, %(param_4)s, %(param_5)s]) AND pg_catalog.pg_table_is_visible(pg_catalog.pg_class.oid) AND pg_catalog.pg_namespace.nspname != %(nspname_1)s
2025-09-05 00:02:39,883 - 00000000-0000-0000-0000-000000000000 - sqlalchemy.engine.Engine - INFO - [base.py:1840 - _execute_context() ] - [cached since 0.01041s ago] {'table_name': 'products', 'param_1': 'r', 'param_2': 'p', 'param_3': 'f', 'param_4': 'v', 'param_5': 'm', 'nspname_1': 'pg_catalog'}
2025-09-05 00:02:39,884 - 00000000-0000-0000-0000-000000000000 - sqlalchemy.engine.Engine - DEBUG - [cursor.py:1447 - __init__() ] - Col ('relname',)
2025-09-05 00:02:39,884 - 00000000-0000-0000-0000-000000000000 - sqlalchemy.engine.Engine - DEBUG - [cursor.py:1479 - _make_row_2() ] - Row ('products',)
2025-09-05 00:02:39,884 - 00000000-0000-0000-0000-000000000000 - sqlalchemy.engine.Engine - INFO - [base.py:1840 - _execute_context() ] - SELECT pg_catalog.pg_class.relname  FROM pg_catalog.pg_class JOIN pg_catalog.pg_namespace ON pg_catalog.pg_namespace.oid = pg_catalog.pg_class.relnamespace  WHERE pg_catalog.pg_class.relname = %(table_name)s AND pg_catalog.pg_class.relkind = ANY (ARRAY[%(param_1)s, %(param_2)s, %(param_3)s, %(param_4)s, %(param_5)s]) AND pg_catalog.pg_table_is_visible(pg_catalog.pg_class.oid) AND pg_catalog.pg_namespace.nspname != %(nspname_1)s
2025-09-05 00:02:39,884 - 00000000-0000-0000-0000-000000000000 - sqlalchemy.engine.Engine - INFO - [base.py:1840 - _execute_context() ] - [cached since 0.01143s ago] {'table_name': 'categories', 'param_1': 'r', 'param_2': 'p', 'param_3': 'f', 'param_4': 'v', 'param_5': 'm', 'nspname_1': 'pg_catalog'}
2025-09-05 00:02:39,885 - 00000000-0000-0000-0000-000000000000 - sqlalchemy.engine.Engine - DEBUG - [cursor.py:1447 - __init__() ] - Col ('relname',)
2025-09-05 00:02:39,885 - 00000000-0000-0000-0000-000000000000 - sqlalchemy.engine.Engine - DEBUG - [cursor.py:1479 - _make_row_2() ] - Row ('categories',)
2025-09-05 00:02:39,885 - 00000000-0000-0000-0000-000000000000 - sqlalchemy.engine.Engine - INFO - [base.py:1840 - _execute_context() ] - SELECT pg_catalog.pg_class.relname  FROM pg_catalog.pg_class JOIN pg_catalog.pg_namespace ON pg_catalog.pg_namespace.oid = pg_catalog.pg_class.relnamespace  WHERE pg_catalog.pg_class.relname = %(table_name)s AND pg_catalog.pg_class.relkind = ANY (ARRAY[%(param_1)s, %(param_2)s, %(param_3)s, %(param_4)s, %(param_5)s]) AND pg_catalog.pg_table_is_visible(pg_catalog.pg_class.oid) AND pg_catalog.pg_namespace.nspname != %(nspname_1)s
2025-09-05 00:02:39,885 - 00000000-0000-0000-0000-000000000000 - sqlalchemy.engine.Engine - INFO - [base.py:1840 - _execute_context() ] - [cached since 0.01251s ago] {'table_name': 'product_variants', 'param_1': 'r', 'param_2': 'p', 'param_3': 'f', 'param_4': 'v', 'param_5': 'm', 'nspname_1': 'pg_catalog'}
2025-09-05 00:02:39,886 - 00000000-0000-0000-0000-000000000000 - sqlalchemy.engine.Engine - DEBUG - [cursor.py:1447 - __init__() ] - Col ('relname',)
2025-09-05 00:02:39,886 - 00000000-0000-0000-0000-000000000000 - sqlalchemy.engine.Engine - DEBUG - [cursor.py:1479 - _make_row_2() ] - Row ('product_variants',)
2025-09-05 00:02:39,886 - 00000000-0000-0000-0000-000000000000 - sqlalchemy.engine.Engine - INFO - [base.py:1840 - _execute_context() ] - SELECT pg_catalog.pg_class.relname  FROM pg_catalog.pg_class JOIN pg_catalog.pg_namespace ON pg_catalog.pg_namespace.oid = pg_catalog.pg_class.relnamespace  WHERE pg_catalog.pg_class.relname = %(table_name)s AND pg_catalog.pg_class.relkind = ANY (ARRAY[%(param_1)s, %(param_2)s, %(param_3)s, %(param_4)s, %(param_5)s]) AND pg_catalog.pg_table_is_visible(pg_catalog.pg_class.oid) AND pg_catalog.pg_namespace.nspname != %(nspname_1)s
2025-09-05 00:02:39,887 - 00000000-0000-0000-0000-000000000000 - sqlalchemy.engine.Engine - INFO - [base.py:1840 - _execute_context() ] - [cached since 0.01355s ago] {'table_name': 'cart_items', 'param_1': 'r', 'param_2': 'p', 'param_3': 'f', 'param_4': 'v', 'param_5': 'm', 'nspname_1': 'pg_catalog'}
2025-09-05 00:02:39,887 - 00000000-0000-0000-0000-000000000000 - sqlalchemy.engine.Engine - DEBUG - [cursor.py:1447 - __init__() ] - Col ('relname',)
2025-09-05 00:02:39,887 - 00000000-0000-0000-0000-000000000000 - sqlalchemy.engine.Engine - DEBUG - [cursor.py:1479 - _make_row_2() ] - Row ('cart_items',)
2025-09-05 00:02:39,887 - 00000000-0000-0000-0000-000000000000 - sqlalchemy.engine.Engine - INFO - [base.py:1840 - _execute_context() ] - SELECT pg_catalog.pg_class.relname  FROM pg_catalog.pg_class JOIN pg_catalog.pg_namespace ON pg_catalog.pg_namespace.oid = pg_catalog.pg_class.relnamespace  WHERE pg_catalog.pg_class.relname = %(table_name)s AND pg_catalog.pg_class.relkind = ANY (ARRAY[%(param_1)s, %(param_2)s, %(param_3)s, %(param_4)s, %(param_5)s]) AND pg_catalog.pg_table_is_visible(pg_catalog.pg_class.oid) AND pg_catalog.pg_namespace.nspname != %(nspname_1)s
2025-09-05 00:02:39,888 - 00000000-0000-0000-0000-000000000000 - sqlalchemy.engine.Engine - INFO - [base.py:1840 - _execute_context() ] - [cached since 0.01457s ago] {'table_name': 'favourite_products', 'param_1': 'r', 'param_2': 'p', 'param_3': 'f', 'param_4': 'v', 'param_5': 'm', 'nspname_1': 'pg_catalog'}
2025-09-05 00:02:39,888 - 00000000-0000-0000-0000-000000000000 - sqlalchemy.engine.Engine - DEBUG - [cursor.py:1447 - __init__() ] - Col ('relname',)
2025-09-05 00:02:39,888 - 00000000-0000-0000-0000-000000000000 - sqlalchemy.engine.Engine - DEBUG - [cursor.py:1479 - _make_row_2() ] - Row ('favourite_products',)
2025-09-05 00:02:39,888 - 00000000-0000-0000-0000-000000000000 - sqlalchemy.engine.Engine - INFO - [base.py:1840 - _execute_context() ] - SELECT pg_catalog.pg_class.relname  FROM pg_catalog.pg_class JOIN pg_catalog.pg_namespace ON pg_catalog.pg_namespace.oid = pg_catalog.pg_class.relnamespace  WHERE pg_catalog.pg_class.relname = %(table_name)s AND pg_catalog.pg_class.relkind = ANY (ARRAY[%(param_1)s, %(param_2)s, %(param_3)s, %(param_4)s, %(param_5)s]) AND pg_catalog.pg_table_is_visible(pg_catalog.pg_class.oid) AND pg_catalog.pg_namespace.nspname != %(nspname_1)s
2025-09-05 00:02:39,889 - 00000000-0000-0000-0000-000000000000 - sqlalchemy.engine.Engine - INFO - [base.py:1840 - _execute_context() ] - [cached since 0.01564s ago] {'table_name': 'order_items', 'param_1': 'r', 'param_2': 'p', 'param_3': 'f', 'param_4': 'v', 'param_5': 'm', 'nspname_1': 'pg_catalog'}
2025-09-05 00:02:39,889 - 00000000-0000-0000-0000-000000000000 - sqlalchemy.engine.Engine - DEBUG - [cursor.py:1447 - __init__() ] - Col ('relname',)
2025-09-05 00:02:39,889 - 00000000-0000-0000-0000-000000000000 - sqlalchemy.engine.Engine - DEBUG - [cursor.py:1479 - _make_row_2() ] - Row ('order_items',)
2025-09-05 00:02:39,890 - 00000000-0000-0000-0000-000000000000 - sqlalchemy.engine.Engine - INFO - [base.py:1840 - _execute_context() ] - SELECT pg_catalog.pg_class.relname  FROM pg_catalog.pg_class JOIN pg_catalog.pg_namespace ON pg_catalog.pg_namespace.oid = pg_catalog.pg_class.relnamespace  WHERE pg_catalog.pg_class.relname = %(table_name)s AND pg_catalog.pg_class.relkind = ANY (ARRAY[%(param_1)s, %(param_2)s, %(param_3)s, %(param_4)s, %(param_5)s]) AND pg_catalog.pg_table_is_visible(pg_catalog.pg_class.oid) AND pg_catalog.pg_namespace.nspname != %(nspname_1)s
2025-09-05 00:02:39,890 - 00000000-0000-0000-0000-000000000000 - sqlalchemy.engine.Engine - INFO - [base.py:1840 - _execute_context() ] - [cached since 0.01669s ago] {'table_name': 'orders', 'param_1': 'r', 'param_2': 'p', 'param_3': 'f', 'param_4': 'v', 'param_5': 'm', 'nspname_1': 'pg_catalog'}
2025-09-05 00:02:39,890 - 00000000-0000-0000-0000-000000000000 - sqlalchemy.engine.Engine - DEBUG - [cursor.py:1447 - __init__() ] - Col ('relname',)
2025-09-05 00:02:39,890 - 00000000-0000-0000-0000-000000000000 - sqlalchemy.engine.Engine - DEBUG - [cursor.py:1479 - _make_row_2() ] - Row ('orders',)
2025-09-05 00:02:39,891 - 00000000-0000-0000-0000-000000000000 - sqlalchemy.engine.Engine - INFO - [base.py:1840 - _execute_context() ] - SELECT pg_catalog.pg_class.relname  FROM pg_catalog.pg_class JOIN pg_catalog.pg_namespace ON pg_catalog.pg_namespace.oid = pg_catalog.pg_class.relnamespace  WHERE pg_catalog.pg_class.relname = %(table_name)s AND pg_catalog.pg_class.relkind = ANY (ARRAY[%(param_1)s, %(param_2)s, %(param_3)s, %(param_4)s, %(param_5)s]) AND pg_catalog.pg_table_is_visible(pg_catalog.pg_class.oid) AND pg_catalog.pg_namespace.nspname != %(nspname_1)s
2025-09-05 00:02:39,891 - 00000000-0000-0000-0000-000000000000 - sqlalchemy.engine.Engine - INFO - [base.py:1840 - _execute_context() ] - [cached since 0.01768s ago] {'table_name': 'products_images', 'param_1': 'r', 'param_2': 'p', 'param_3': 'f', 'param_4': 'v', 'param_5': 'm', 'nspname_1': 'pg_catalog'}
2025-09-05 00:02:39,891 - 00000000-0000-0000-0000-000000000000 - sqlalchemy.engine.Engine - DEBUG - [cursor.py:1447 - __init__() ] - Col ('relname',)
2025-09-05 00:02:39,892 - 00000000-0000-0000-0000-000000000000 - sqlalchemy.engine.Engine - DEBUG - [cursor.py:1479 - _make_row_2() ] - Row ('products_images',)
2025-09-05 00:02:39,892 - 00000000-0000-0000-0000-000000000000 - sqlalchemy.engine.Engine - INFO - [base.py:2702 - _connection_commit_impl() ] - COMMIT
2025-09-05 00:10:28,550 - 00000000-0000-0000-0000-000000000000 - app.fastapi - INFO - [auth_middlewave.py:124 - dispatch() ] - >>>>>> End auth
2025-09-05 00:10:30,001 - 00000000-0000-0000-0000-000000000000 - app.fastapi - INFO - [auth_middlewave.py:124 - dispatch() ] - >>>>>> End auth
